[2016.03.12-22.06.38:292][  0]Log file open, 03/12/16 17:06:38
[2016.03.12-22.06.38:292][  0]LogInit:Display: Running engine for game: crazygame
[2016.03.12-22.06.38:292][  0]LogPlatformFile: Not using cached read wrapper
[2016.03.12-22.06.38:292][  0]LogInit:Display: RandInit(83372637) SRandInit(83372658).
[2016.03.12-22.06.38:292][  0]LogTaskGraph: Started task graph with 4 named threads and 6 total threads.
[2016.03.12-22.06.38:292][  0]LogStats: Stats thread started at 0.081322
[2016.03.12-22.06.38:292][  0]LogInit: Version: 4.10.4-2872498+++depot+UE4-Releases+4.10
[2016.03.12-22.06.38:292][  0]LogInit: API Version: 2758231
[2016.03.12-22.06.38:292][  0]LogInit: Compiled (64-bit): Feb 18 2016 15:47:04
[2016.03.12-22.06.38:292][  0]LogInit: Compiled with Visual C++: 19.00.23026.00
[2016.03.12-22.06.38:292][  0]LogInit: Build Configuration: Development
[2016.03.12-22.06.38:292][  0]LogInit: Branch Name: ++depot+UE4-Releases+4.10
[2016.03.12-22.06.38:292][  0]LogInit: Command line:  
[2016.03.12-22.06.38:292][  0]LogInit: Base directory: C:/Program Files/Unreal Engine/4.10/Engine/Binaries/Win64/
[2016.03.12-22.06.38:292][  0]LogInit: Rocket: 1
[2016.03.12-22.06.38:302][  0]LogInit: Using libcurl 7.41.0
[2016.03.12-22.06.38:302][  0]LogInit:  - built for x86_64-pc-win32
[2016.03.12-22.06.38:302][  0]LogInit:  - supports SSL with WinSSL
[2016.03.12-22.06.38:302][  0]LogInit:  - other features:
[2016.03.12-22.06.38:302][  0]LogInit:      CURL_VERSION_SSL
[2016.03.12-22.06.38:302][  0]LogInit:      CURL_VERSION_IPV6
[2016.03.12-22.06.38:302][  0]LogInit:      CURL_VERSION_ASYNCHDNS
[2016.03.12-22.06.38:302][  0]LogInit:      CURL_VERSION_LARGEFILE
[2016.03.12-22.06.38:302][  0]LogInit:      CURL_VERSION_IDN
[2016.03.12-22.06.38:302][  0]LogInit:  CurlRequestOptions (configurable via config and command line):
[2016.03.12-22.06.38:302][  0]LogInit:  - bVerifyPeer = true  - Libcurl will verify peer certificate
[2016.03.12-22.06.38:302][  0]LogInit:  - bUseHttpProxy = false  - Libcurl will NOT use HTTP proxy
[2016.03.12-22.06.38:302][  0]LogInit:  - bDontReuseConnections = false  - Libcurl will reuse connections
[2016.03.12-22.06.38:302][  0]LogInit:  - CertBundlePath = nullptr  - Libcurl will use whatever was configured at build time.
[2016.03.12-22.06.38:313][  0]LogInit: Presizing for 0 objects not considered by GC, pre-allocating 0 bytes.
[2016.03.12-22.06.38:322][  0]LogInit: Object subsystem initialized
[2016.03.12-22.06.38:323][  0]LogInit: Selected Device Profile: [Windows]
[2016.03.12-22.06.38:323][  0]LogInit: Applying CVar settings loaded from the selected device profile: [Windows]
[2016.03.12-22.06.38:342][  0]LogInit: Computer: KAMSCOMP
[2016.03.12-22.06.38:342][  0]LogInit: User: kamer000
[2016.03.12-22.06.38:342][  0]LogInit: CPU Page size=4096, Cores=3
[2016.03.12-22.06.38:342][  0]LogInit: High frequency timer resolution =14.318180 MHz
[2016.03.12-22.06.38:342][  0]LogMemory: Memory total: Physical=8.0GB (8GB approx)
[2016.03.12-22.06.38:342][  0]LogMemory: Platform Memory Stats for Windows
[2016.03.12-22.06.38:342][  0]LogMemory: Process Physical Memory: 56.12 MB used, 56.12 MB peak
[2016.03.12-22.06.38:342][  0]LogMemory: Process Virtual Memory: 57.62 MB used, 57.62 MB peak
[2016.03.12-22.06.38:342][  0]LogMemory: Physical Memory: 4575.74 MB used, 8174.11 MB total
[2016.03.12-22.06.38:342][  0]LogMemory: Virtual Memory: 383.15 MB used, 134217728.00 MB total
[2016.03.12-22.06.38:410][  0]LogTextLocalizationManager: No specific translations for ('en-US') exist, so ('en') translations will be used.
[2016.03.12-22.06.39:016][  0]LogD3D11RHI: Found D3D11 adapter 0: AMD Radeon HD 7700 Series (Feature Level 11_0)
[2016.03.12-22.06.39:016][  0]LogD3D11RHI: Adapter has 1006MB of dedicated video memory, 0MB of dedicated system memory, and 4087MB of shared system memory, 2 output[s]
[2016.03.12-22.06.39:018][  0]LogD3D11RHI: Found D3D11 adapter 1: Microsoft Basic Render Driver (Feature Level 11_0)
[2016.03.12-22.06.39:018][  0]LogD3D11RHI: Adapter has 0MB of dedicated video memory, 0MB of dedicated system memory, and 4087MB of shared system memory, 0 output[s]
[2016.03.12-22.06.39:018][  0]LogD3D11RHI: Chosen D3D11 Adapter Id = 0
[2016.03.12-22.06.39:029][  0]LogD3D11RHI: !Direct3DDevice
[2016.03.12-22.06.39:029][  0]LogRHI: Texture pool is 704 MB (70% of 1006 MB)
[2016.03.12-22.06.39:038][  0]LogD3D11RHI: Async texture creation disabled: no driver support
[2016.03.12-22.06.39:049][  0]LogShaderCompilers: Guid format shader working directory is -46 characters bigger than the processId version (../../../../../../Users/kamer_000/Documents/GitHub/EveryoneislookingforsomethingGAME/crazygame/Intermediate/Shaders/WorkingDirectory/32280/).
[2016.03.12-22.06.39:049][  0]LogShaderCompilers: Cleaned the shader compiler working directory 'C:/Users/KAMER_~1/AppData/Local/Temp/UnrealShaderWorkingDir/F35B1534409D4CE9DD2DA8A72FA1D1AE/'.
[2016.03.12-22.06.39:049][  0]LogShaderCompilers:Display: Using Local Shader Compiler.
[2016.03.12-22.06.40:592][  0]LogTemp:Display: Loaded TP AllDesktopTargetPlatform
[2016.03.12-22.06.40:599][  0]LogTemp:Display: Loaded TP WindowsClientTargetPlatform
[2016.03.12-22.06.40:606][  0]LogTemp:Display: Loaded TP WindowsNoEditorTargetPlatform
[2016.03.12-22.06.40:612][  0]LogTemp:Display: Loaded TP WindowsServerTargetPlatform
[2016.03.12-22.06.40:620][  0]LogTemp:Display: Loaded TP WindowsTargetPlatform
[2016.03.12-22.06.40:626][  0]LogTemp:Display: Loaded TP AndroidTargetPlatform
[2016.03.12-22.06.40:630][  0]LogTemp:Display: Loaded TP Android_ASTCTargetPlatform
[2016.03.12-22.06.40:634][  0]LogTemp:Display: Loaded TP Android_ATCTargetPlatform
[2016.03.12-22.06.40:638][  0]LogTemp:Display: Loaded TP Android_DXTTargetPlatform
[2016.03.12-22.06.40:643][  0]LogTemp:Display: Loaded TP Android_ETC1TargetPlatform
[2016.03.12-22.06.40:647][  0]LogTemp:Display: Loaded TP Android_ETC2TargetPlatform
[2016.03.12-22.06.40:656][  0]LogTemp:Display: Loaded TP Android_MultiTargetPlatform
[2016.03.12-22.06.40:656][  0]LogTemp:Display: Loaded TP Android_PVRTCTargetPlatform
[2016.03.12-22.06.40:657][  0]LogTemp:Display: Loaded TP HTML5TargetPlatform
[2016.03.12-22.06.40:678][  0]LogTemp:Display: Loaded TP IOSTargetPlatform
[2016.03.12-22.06.40:681][  0]LogTemp:Display: Loaded TP LinuxNoEditorTargetPlatform
[2016.03.12-22.06.40:686][  0]LogTemp:Display: Loaded TP LinuxServerTargetPlatform
[2016.03.12-22.06.40:691][  0]LogTemp:Display: Loaded TP LinuxTargetPlatform
[2016.03.12-22.06.40:691][  0]LogTargetPlatformManager:Display: Building Assets For Windows
[2016.03.12-22.06.40:818][  0]LogDerivedDataCache:Display: Max Cache Size: 512 MB
[2016.03.12-22.06.40:905][  0]LogDerivedDataCache: Loaded boot cache 0.09s 41MB C:/Users/kamer_000/AppData/Local/UnrealEngine/4.10/DerivedDataCache/Boot.ddc.
[2016.03.12-22.06.40:905][  0]LogDerivedDataCache:Display: Loaded Boot cache: C:/Users/kamer_000/AppData/Local/UnrealEngine/4.10/DerivedDataCache/Boot.ddc
[2016.03.12-22.06.40:905][  0]LogDerivedDataCache: FDerivedDataBackendGraph:  Pak pak cache file ../../../../../../Users/kamer_000/Documents/GitHub/EveryoneislookingforsomethingGAME/crazygame/DerivedDataCache/DDC.ddp not found, will not use a pak cache.
[2016.03.12-22.06.40:905][  0]LogDerivedDataCache: Unable to find inner node Pak for hierarchical cache Hierarchy.
[2016.03.12-22.06.40:905][  0]LogDerivedDataCache: FDerivedDataBackendGraph:  CompressedPak pak cache file ../../../../../../Users/kamer_000/Documents/GitHub/EveryoneislookingforsomethingGAME/crazygame/DerivedDataCache/Compressed.ddp not found, will not use a pak cache.
[2016.03.12-22.06.40:905][  0]LogDerivedDataCache: Unable to find inner node CompressedPak for hierarchical cache Hierarchy.
[2016.03.12-22.06.41:001][  0]LogDerivedDataCache:Display: Pak cache opened for reading ../../../Engine/DerivedDataCache/Compressed.ddp.
[2016.03.12-22.06.41:013][  0]LogDerivedDataCache: Using Local data cache path C:/Users/kamer_000/AppData/Local/UnrealEngine/Common/DerivedDataCache: Writable
[2016.03.12-22.06.41:261][  0]LogInit: Selected Device Profile: [Windows]
[2016.03.12-22.06.41:265][  0]LogContentStreaming: Texture pool size is 0.000000MB
[2016.03.12-22.06.41:412][  0]LogMeshUtilities: No automatic mesh reduction module available
[2016.03.12-22.06.41:412][  0]LogMeshUtilities: No automatic mesh merging module available
[2016.03.12-22.06.41:820][  0]LogInit: WinSock: version 1.1 (2.2), MaxSocks=32767, MaxUdp=65467
[2016.03.12-22.06.58:055][  0]UdpMessaging: Initializing bridge on interface 0.0.0.0:0 to multicast group 230.0.0.1:6666.
[2016.03.12-22.06.58:197][  0]LogAssetRegistry: FAssetRegistry took 0.0111 seconds to start up
[2016.03.12-22.06.58:477][  0]SourceControl: Info Source control is disabled
[2016.03.12-22.06.58:479][  0]SourceControl: Info Source control is disabled
[2016.03.12-22.06.58:503][  0]SourceControl: Info Source control is disabled
[2016.03.12-22.06.58:525][  0]SourceControl: Info Source control is disabled
[2016.03.12-22.06.58:925][  0]LogObj: 28633 objects as part of root set at end of initial load.
[2016.03.12-22.06.58:925][  0]LogUObjectAllocator: 6099744 out of 0 bytes used by permanent object pool.
[2016.03.12-22.06.58:997][  0]LogEngine: Initializing Engine...
[2016.03.12-22.06.59:001][  0]LogHMD: Can't find Oculus library dev build: is proper Runtime installed? Version: 0.8.0.0
[2016.03.12-22.06.59:007][  0]LogHMD: SteamVR failed to initialize.  Err: 108
[2016.03.12-22.06.59:175][  0]LogAIModule: Creating AISystem for world NewWorld
[2016.03.12-22.06.59:206][  0]LogInit: XAudio2 using 'Speakers (Razer Surround Audio Controller)' : 8 channels at 48 kHz using 16 bits per sample (channel mask 0x63f)
[2016.03.12-22.06.59:215][  0]LogInit: FAudioDevice initialized.
[2016.03.12-22.06.59:256][  0]LogDerivedDataCache: Saved boot cache 0.04s 41MB C:/Users/kamer_000/AppData/Local/UnrealEngine/4.10/DerivedDataCache/Boot.ddc.
[2016.03.12-22.06.59:269][  0]LogInit: Texture streaming: Enabled
[2016.03.12-22.06.59:278][  0]LogAnalytics: Creating configured Analytics provider AnalyticsET
[2016.03.12-22.06.59:278][  0]LogAnalytics: [UEEditor.Rocket.Release] APIServer = http://et2.epicgames.com/ET2/. AppVersion = 4.10.4-2872498+++depot+UE4-Releases+4.10
[2016.03.12-22.06.59:278][  0]LogAnalytics: [UEEditor.Rocket.Release] SetUserId d2e23c0f453443a76bb70e960fe99fb3|631ac861089a4363ae61472085251d7b|b8a0f58f-8775-4e2b-9235-ed17db4d58f5
[2016.03.12-22.06.59:278][  0]LogAnalytics: [UEEditor.Rocket.Release] AnalyticsET::StartSession
[2016.03.12-22.06.59:294][  0]LogInit: Transaction tracking system initialized
[2016.03.12-22.06.59:341][  0]BlueprintLog: New page: Editor Load
[2016.03.12-22.06.59:460][  0]LocalizationService: Info Localization service is disabled
[2016.03.12-22.06.59:576][  0]LogConsoleResponse:Display: 
[2016.03.12-22.06.59:739][  0]LogCook:Display: Done creating registry. It took  0.00s.
[2016.03.12-22.06.59:844][  0]LogFileCache: Scanning file cache for directory 'C:/Users/kamer_000/Documents/GitHub/EveryoneislookingforsomethingGAME/crazygame/Content/' took 0.02s
[2016.03.12-22.06.59:844][  0]SourceControl: Info Source control is disabled
[2016.03.12-22.06.59:845][  0]LightingResults: New page: Lighting Build
[2016.03.12-22.06.59:851][  0]MapCheck: New page: Map Check
[2016.03.12-22.06.59:851][  0]LightingResults: New page: Lighting Build
[2016.03.12-22.06.59:869][  0]LogParticles: Destroying 0 GPU particle simulations for FXSystem 0x0000023518E86AC0
[2016.03.12-22.07.00:481][  0]LogAIModule: Creating AISystem for world ThirdPersonExampleMap
[2016.03.12-22.07.00:490][  0]LogEditorServer: Finished looking for orphan Actors (0.000 secs)
[2016.03.12-22.07.00:490][  0]Cmd: MAP CHECKDEP NOCLEARLOG
[2016.03.12-22.07.00:566][  0]MapCheck: Info Map check complete: 0 Error(s), 0 Warning(s), took 75.823ms to complete.
[2016.03.12-22.07.00:566][  0]LogFileHelpers: Loading map 'ThirdPersonExampleMap' took 0.722
[2016.03.12-22.07.00:716][  0]LogCollectionManager: Loaded 0 collections in 0.003515 seconds
[2016.03.12-22.07.00:763][  0]LogFileCache: Scanning file cache for directory 'C:/Users/kamer_000/Documents/GitHub/EveryoneislookingforsomethingGAME/crazygame/Saved/Collections/' took 0.01s
[2016.03.12-22.07.00:763][  0]LogFileCache: Scanning file cache for directory 'C:/Users/kamer_000/Documents/GitHub/EveryoneislookingforsomethingGAME/crazygame/Content/Developers/kamer000/Collections/' took 0.01s
[2016.03.12-22.07.00:763][  0]LogFileCache: Scanning file cache for directory 'C:/Users/kamer_000/Documents/GitHub/EveryoneislookingforsomethingGAME/crazygame/Content/Collections/' took 0.01s
[2016.03.12-22.07.00:763][  0]LogCollectionManager: Rebuilt the GUID cache for 0 collections in 0.000003 seconds
[2016.03.12-22.07.00:774][  0]LogContentBrowser: Native class hierarchy populated in 0.0102 seconds. Added 1893 classes and 338 folders.
[2016.03.12-22.07.00:783][  0]LogContentBrowser: Native class hierarchy updated for 'WidgetCarousel' in 0.0005 seconds. Added 0 classes and 0 folders.
[2016.03.12-22.07.00:853][  0]LogContentBrowser: Native class hierarchy updated for 'AddContentDialog' in 0.0005 seconds. Added 0 classes and 0 folders.
[2016.03.12-22.07.00:860][  0]LogContentBrowser: Native class hierarchy updated for 'SceneOutliner' in 0.0005 seconds. Added 1 classes and 2 folders.
[2016.03.12-22.07.00:890][  0]LogCrashTracker: Crashtracker disabled due to settings.
[2016.03.12-22.07.00:894][  0]LogUObjectGlobals:Warning: Failed to find object 'Class None.'
[2016.03.12-22.07.00:917][  0]LogLoad: Full Startup: 23.28 seconds (BP compile: 0.19 seconds)
[2016.03.12-22.07.00:932][  0]LogOcInput: Can't find Oculus library dev build: is proper Runtime installed? Version: 0.8.0.0
[2016.03.12-22.07.00:980][  0]LogContentStreaming: Texture pool size now 400 MB
[2016.03.12-22.07.01:171][  2]LogRenderer: Reallocating scene render targets to support 716x432 (Frame:2).
[2016.03.12-22.07.01:557][  5]LogAssetRegistry: Asset discovery search completed in 3.3711 seconds
[2016.03.12-22.07.01:557][  5]LogCollectionManager: Rebuilt the object cache for 0 collections in 0.000002 seconds (found 0 objects)
[2016.03.12-22.07.01:557][  5]LogCollectionManager: Fixed up redirectors for 0 collections in 0.000026 seconds (updated 0 objects)
[2016.03.12-22.07.05:493][309]LogRenderer: Reallocating scene render targets to support 1020x636 (Frame:312).
[2016.03.12-22.07.32:751][357]LogFactory: FactoryCreateBinary: StaticMesh with FbxFactory (0 0 C:\Users\kamer_000\Desktop\Game making stuff\3d modles\grass model 4.fbx)
[2016.03.12-22.07.32:981][357]LogFbx: ItemName: GlobalSettings, ItemCount : 1
[2016.03.12-22.07.32:981][357]LogFbx: ItemName: AnimationStack, ItemCount : 1
[2016.03.12-22.07.32:981][357]LogFbx: ItemName: AnimationLayer, ItemCount : 1
[2016.03.12-22.07.32:981][357]LogFbx: ItemName: NodeAttribute, ItemCount : 19
[2016.03.12-22.07.32:981][357]LogFbx: ItemName: Model, ItemCount : 24
[2016.03.12-22.07.32:981][357]LogFbx: ItemName: Geometry, ItemCount : 5
[2016.03.12-22.07.32:981][357]LogFbx: ItemName: Material, ItemCount : 1
[2016.03.12-22.07.33:052][357]LogFbx: Loading FBX Scene from C:\Users\kamer_000\Desktop\Game making stuff\3d modles\grass model 4.fbx
[2016.03.12-22.07.33:194][357]LogFbx: FBX Scene Loaded Succesfully
[2016.03.12-22.07.34:768][357]LogFbx: Loading FBX Scene from C:\Users\kamer_000\Desktop\Game making stuff\3d modles\grass model 4.fbx
[2016.03.12-22.07.34:889][357]LogFbx: FBX Scene Loaded Succesfully
[2016.03.12-22.07.34:964][357]LogLinker:Warning: Can't find file '/Game/ThirdPersonBP/lambert1'
[2016.03.12-22.07.34:964][357]LogLinker:Warning: Can't find file '/Game/ThirdPersonBP/lambert1'
[2016.03.12-22.07.35:027][357]LogMaterial: Missing cached shader map for material lambert1, compiling. 
[2016.03.12-22.07.35:207][357]LogFbx:Warning: Triangulating static mesh pasted__pPlane1
[2016.03.12-22.07.35:243][357]LogModuleManager:Warning: Found module file ../../../Engine/Binaries/Win64/UE4Editor-MetalShaderFormat.dll (API version -1), but it was incompatible with the current engine API version (2758231). This is likely a stale module that must be recompiled.
[2016.03.12-22.07.35:243][357]LogModuleManager:Warning: Found module file ../../../Engine/Binaries/Win64/UE4Editor-ShaderFormatD3D.dll (API version -1), but it was incompatible with the current engine API version (2758231). This is likely a stale module that must be recompiled.
[2016.03.12-22.07.35:244][357]LogModuleManager:Warning: Found module file ../../../Engine/Binaries/Win64/UE4Editor-ShaderFormatOpenGL.dll (API version -1), but it was incompatible with the current engine API version (2758231). This is likely a stale module that must be recompiled.
[2016.03.12-22.07.35:244][357]LogShaders:Error: No target shader formats found!
[2016.03.12-22.07.35:366][357]LogWindows:Error: Windows GetLastError: The operation completed successfully. (0)
